#
# A fatal error has been detected by the Java Runtime Environment:
#
#  EXCEPTION_ACCESS_VIOLATION (0xc0000005) at pc=0x654f6657, pid=5948, tid=5968
#
# JRE version: 7.0_02-b13
# Java VM: Java HotSpot(TM) Client VM (22.0-b10 mixed mode, sharing windows-x86 )
# Problematic frame:
# V  [jvm.dll+0x76657]
#
# Failed to write core dump. Minidumps are not enabled by default on client versions of Windows
#
# If you would like to submit a bug report, please visit:
#   http://bugreport.sun.com/bugreport/crash.jsp
#

---------------  T H R E A D  ---------------

Current thread (0x0197fc00):  VMThread [stack: 0x03de0000,0x03fe0000] [id=5968]

siginfo: ExceptionCode=0xc0000005, writing address 0x01bb00a4

Registers:
EAX=0x33aad6b4, EBX=0x00000003, ECX=0x0020006c, EDX=0x00000003
ESP=0x03fdf8d4, EBP=0x03fdf8e0, ESI=0x01bb00a4, EDI=0x0020006c
EIP=0x654f6657, EFLAGS=0x00010293

Top of Stack: (sp=0x03fdf8d4)
0x03fdf8d4:   01bb00a4 291df260 33aad6b4 03fdf8f8
0x03fdf8e4:   654fb9d2 00000003 33aad6b0 33aad6ac
0x03fdf8f4:   00000000 03fdf918 655e8642 33aad698
0x03fdf904:   65759c70 38375fb8 018dd3e8 03fdf924
0x03fdf914:   655e8a5b 03fdf924 655e8a61 65759c70
0x03fdf924:   03fdf938 654f28c6 00000003 65759c70
0x03fdf934:   018dd3e8 03fdf954 654eec54 65759c70
0x03fdf944:   00000000 65759c70 65759c70 018dd3e8 

Instructions: (pc=0x654f6657)
0x654f6637:   8b 30 85 f6 74 5c 8b 0e 83 e1 03 80 f9 03 74 52
0x654f6647:   57 8b 3e c7 45 08 03 00 00 00 8b 55 08 56 8b cf
0x654f6657:   89 16 e8 72 ff ff ff 84 c0 74 0a 57 56 e8 97 1c
0x654f6667:   0f 00 83 c4 08 a1 a8 9b 75 65 5f 3b 05 9c 9b 75 


Register to memory mapping:

EAX=0x33aad6b4 is an oop
{constMethod} 
 - klass: {other class}
 - method:       0x33aad6e0 {method} 'visitWhileLoop' '(Lcom/sun/tools/javac/tree/JCTree$JCWhileLoop;)V' in 'com/sun/tools/javac/jvm/Gen$1ComplexityScanner'
 - exceptions:   0x01bb00a4
EBX=0x00000003 is an unknown value
ECX=0x0020006c is pointing into the stack for thread: 0x018d9000
EDX=0x00000003 is an unknown value
ESP=0x03fdf8d4 is an unknown value
EBP=0x03fdf8e0 is an unknown value
ESI=0x01bb00a4 is an unknown value
EDI=0x0020006c is pointing into the stack for thread: 0x018d9000


Stack: [0x03de0000,0x03fe0000],  sp=0x03fdf8d4,  free space=2046k
Native frames: (J=compiled Java code, j=interpreted, Vv=VM code, C=native code)
V  [jvm.dll+0x76657]
V  [jvm.dll+0x7b9d2]
V  [jvm.dll+0x168642]
V  [jvm.dll+0x168a61]
V  [jvm.dll+0x728c6]
V  [jvm.dll+0x6ec54]
V  [jvm.dll+0x68c5f]
V  [jvm.dll+0x6aaef]
V  [jvm.dll+0x6afa0]
V  [jvm.dll+0x69ac7]
V  [jvm.dll+0x71363]
V  [jvm.dll+0x686a6]
V  [jvm.dll+0x5fe83]
V  [jvm.dll+0x16b056]
V  [jvm.dll+0x1485c5]
V  [jvm.dll+0x1477fe]
V  [jvm.dll+0x147b2c]
V  [jvm.dll+0x147fa2]
V  [jvm.dll+0x1720b9]
C  [MSVCR100.dll+0x5c6de]  endthreadex+0x3a
C  [MSVCR100.dll+0x5c788]  endthreadex+0xe4
C  [kernel32.dll+0x51114]  BaseThreadInitThunk+0x12
C  [ntdll.dll+0x5b429]  RtlInitializeExceptionChain+0x63
C  [ntdll.dll+0x5b3fc]  RtlInitializeExceptionChain+0x36

VM_Operation (0x0839f7c8): GenCollectForAllocation, mode: safepoint, requested by thread 0x04e48000


---------------  P R O C E S S  ---------------

Java Threads: ( => current thread )
  0x04e48000 JavaThread "BlueJ compiler thread" [_thread_blocked, id=4148, stack(0x081a0000,0x083a0000)]
  0x04e4b800 JavaThread "vm-event-handler" [_thread_blocked, id=6132, stack(0x089a0000,0x08ba0000)]
  0x04e4b000 JavaThread "JDI Target VM Interface" daemon [_thread_in_native, id=6128, stack(0x087a0000,0x089a0000)]
  0x04e4ac00 JavaThread "JDI Internal Event Handler" daemon [_thread_blocked, id=6124, stack(0x085a0000,0x087a0000)]
  0x04e4a400 JavaThread "BlueJ I/O Handler" [_thread_blocked, id=6084, stack(0x083a0000,0x085a0000)]
  0x04e4a000 JavaThread "BlueJ I/O Handler" [_thread_in_native, id=6080, stack(0x05fd0000,0x061d0000)]
  0x04e49800 JavaThread "BlueJ I/O Handler" [_thread_in_native, id=6076, stack(0x05dd0000,0x05fd0000)]
  0x04e48400 JavaThread "TimerQueue" daemon [_thread_blocked, id=6028, stack(0x069e0000,0x06be0000)]
  0x04e47800 JavaThread "AWT-EventQueue-0" [_thread_in_native, id=6016, stack(0x061e0000,0x063e0000)]
  0x04e47400 JavaThread "AWT-Windows" daemon [_thread_blocked, id=6012, stack(0x05bd0000,0x05dd0000)]
  0x04e46c00 JavaThread "AWT-Shutdown" [_thread_blocked, id=6008, stack(0x059d0000,0x05bd0000)]
  0x04e46800 JavaThread "Java2D Disposer" daemon [_thread_blocked, id=6004, stack(0x057d0000,0x059d0000)]
  0x019b1400 JavaThread "Service Thread" daemon [_thread_blocked, id=5992, stack(0x049e0000,0x04be0000)]
  0x01999c00 JavaThread "C1 CompilerThread0" daemon [_thread_blocked, id=5988, stack(0x047e0000,0x049e0000)]
  0x01998400 JavaThread "Attach Listener" daemon [_thread_blocked, id=5984, stack(0x045e0000,0x047e0000)]
  0x01995400 JavaThread "Signal Dispatcher" daemon [_thread_blocked, id=5980, stack(0x043e0000,0x045e0000)]
  0x01986800 JavaThread "Finalizer" daemon [_thread_blocked, id=5976, stack(0x041e0000,0x043e0000)]
  0x01981400 JavaThread "Reference Handler" daemon [_thread_blocked, id=5972, stack(0x03fe0000,0x041e0000)]
  0x018d9000 JavaThread "main" [_thread_blocked, id=5952, stack(0x00030000,0x00230000)]

Other Threads:
=>0x0197fc00 VMThread [stack: 0x03de0000,0x03fe0000] [id=5968]
  0x019cbc00 WatcherThread [stack: 0x04be0000,0x04de0000] [id=5996]

VM state:at safepoint (normal execution)

VM Mutex/Monitor currently owned by a thread:  ([mutex/lock_event])
[0x018d7548] Threads_lock - owner thread: 0x0197fc00
[0x018d7958] Heap_lock - owner thread: 0x04e48000

Heap
 def new generation   total 10560K, used 572K [0x23380000, 0x23ef0000, 0x288d0000)
  eden space 9408K,   0% used [0x23380000, 0x23380000, 0x23cb0000)
  from space 1152K,  49% used [0x23cb0000, 0x23d3f030, 0x23dd0000)
  to   space 1152K,   0% used [0x23dd0000, 0x23dd0000, 0x23ef0000)
 tenured generation   total 23524K, used 23450K [0x288d0000, 0x29fc9000, 0x33380000)
   the space 23524K,  99% used [0x288d0000, 0x29fb6a40, 0x29fb6c00, 0x29fc9000)
 compacting perm gen  total 12288K, used 8332K [0x33380000, 0x33f80000, 0x37380000)
   the space 12288K,  67% used [0x33380000, 0x33ba30c0, 0x33ba3200, 0x33f80000)
    ro space 10240K,  45% used [0x37380000, 0x37802710, 0x37802800, 0x37d80000)
    rw space 12288K,  54% used [0x37d80000, 0x38406488, 0x38406600, 0x38980000)

Code Cache  [0x01de0000, 0x02238000, 0x03de0000)
 total_blobs=2777 nmethods=2519 adapters=191 free_code_cache=28352Kb largest_free_block=29030720

Dynamic libraries:
0x00400000 - 0x00494000 	C:\Program Files\BlueJ\BlueJ.exe
0x77d20000 - 0x77e5d000 	C:\Windows\SYSTEM32\ntdll.dll
0x75a70000 - 0x75b44000 	C:\Windows\system32\kernel32.dll
0x758a0000 - 0x758ea000 	C:\Windows\system32\KERNELBASE.dll
0x763c0000 - 0x76460000 	C:\Windows\system32\ADVAPI32.DLL
0x77a70000 - 0x77b1c000 	C:\Windows\system32\msvcrt.dll
0x765e0000 - 0x765f9000 	C:\Windows\SYSTEM32\sechost.dll
0x775c0000 - 0x77661000 	C:\Windows\system32\RPCRT4.dll
0x77670000 - 0x776eb000 	C:\Windows\system32\COMDLG32.DLL
0x776f0000 - 0x77747000 	C:\Windows\system32\SHLWAPI.dll
0x77750000 - 0x7779e000 	C:\Windows\system32\GDI32.dll
0x762f0000 - 0x763b9000 	C:\Windows\system32\USER32.dll
0x76760000 - 0x7676a000 	C:\Windows\system32\LPK.dll
0x77b20000 - 0x77bbd000 	C:\Windows\system32\USP10.dll
0x74ae0000 - 0x74b64000 	C:\Windows\WinSxS\x86_microsoft.windows.common-controls_6595b64144ccf1df_5.82.7600.16661_none_ebfb56996c72aefc\COMCTL32.dll
0x76960000 - 0x775a9000 	C:\Windows\system32\SHELL32.dll
0x74bf0000 - 0x74bf9000 	C:\Windows\system32\VERSION.dll
0x762d0000 - 0x762ef000 	C:\Windows\system32\IMM32.DLL
0x779a0000 - 0x77a6c000 	C:\Windows\system32\MSCTF.dll
0x65480000 - 0x657a8000 	C:\Program Files\Java\jdk1.7.0_02\jre\bin\client\jvm.dll
0x74bc0000 - 0x74bc7000 	C:\Windows\system32\WSOCK32.dll
0x77e60000 - 0x77e95000 	C:\Windows\system32\WS2_32.dll
0x77bc0000 - 0x77bc6000 	C:\Windows\system32\NSI.dll
0x74a20000 - 0x74a52000 	C:\Windows\system32\WINMM.dll
0x775b0000 - 0x775b5000 	C:\Windows\system32\PSAPI.DLL
0x653c0000 - 0x6547e000 	C:\Program Files\Java\jdk1.7.0_02\jre\bin\MSVCR100.dll
0x653b0000 - 0x653bc000 	C:\Program Files\Java\jdk1.7.0_02\jre\bin\verify.dll
0x65390000 - 0x653b0000 	C:\Program Files\Java\jdk1.7.0_02\jre\bin\java.dll
0x65320000 - 0x65333000 	C:\Program Files\Java\jdk1.7.0_02\jre\bin\zip.dll
0x651b0000 - 0x652f2000 	C:\Program Files\Java\jdk1.7.0_02\jre\bin\awt.dll
0x76550000 - 0x765df000 	C:\Windows\system32\OLEAUT32.dll
0x76600000 - 0x7675c000 	C:\Windows\system32\ole32.dll
0x75070000 - 0x75086000 	C:\Windows\system32\CRYPTSP.dll
0x74e10000 - 0x74e4b000 	C:\Windows\system32\rsaenh.dll
0x74c50000 - 0x74c67000 	C:\Windows\system32\USERENV.dll
0x755f0000 - 0x755fb000 	C:\Windows\system32\profapi.dll
0x75540000 - 0x7554c000 	C:\Windows\system32\CRYPTBASE.dll
0x65300000 - 0x65314000 	C:\Program Files\Java\jdk1.7.0_02\jre\bin\net.dll
0x75030000 - 0x7506c000 	C:\Windows\system32\mswsock.dll
0x75020000 - 0x75026000 	C:\Windows\System32\wship6.dll
0x74090000 - 0x740a0000 	C:\Windows\system32\NLAapi.dll
0x74ef0000 - 0x74f34000 	C:\Windows\system32\DNSAPI.dll
0x739c0000 - 0x739c8000 	C:\Windows\System32\winrnr.dll
0x73940000 - 0x73950000 	C:\Windows\system32\napinsp.dll
0x732e0000 - 0x732f2000 	C:\Windows\system32\pnrpnsp.dll
0x6dbd0000 - 0x6dbf1000 	C:\Program Files\Bonjour\mdnsNSP.dll
0x73ee0000 - 0x73efc000 	C:\Windows\system32\Iphlpapi.DLL
0x73b00000 - 0x73b07000 	C:\Windows\system32\WINNSI.DLL
0x74990000 - 0x74995000 	C:\Windows\System32\wshtcpip.dll
0x6dbc0000 - 0x6dbc6000 	C:\Windows\system32\rasadhlp.dll
0x738b0000 - 0x738e8000 	C:\Windows\System32\fwpuclnt.dll
0x67b90000 - 0x67b9f000 	C:\Program Files\Java\jdk1.7.0_02\jre\bin\nio.dll
0x645c0000 - 0x645e5000 	C:\Program Files\Java\jdk1.7.0_02\jre\bin\jpeg.dll
0x73b80000 - 0x73b93000 	C:\Windows\system32\DWMAPI.DLL
0x73e60000 - 0x73ea0000 	C:\Windows\system32\uxtheme.dll
0x722e0000 - 0x722e9000 	C:\Program Files\Common Files\Spigot\Search Settings\wth.dll
0x716b0000 - 0x71753000 	C:\Windows\WinSxS\x86_microsoft.vc90.crt_1fc8b3b9a1e18e3b_9.0.30729.4926_none_508ed732bcbc0e5a\MSVCR90.dll
0x65180000 - 0x651aa000 	C:\Program Files\Java\jdk1.7.0_02\jre\bin\fontmanager.dll
0x76240000 - 0x762c3000 	C:\Windows\system32\CLBCatQ.DLL
0x65140000 - 0x65171000 	C:\Program Files\Java\jdk1.7.0_02\jre\bin\t2k.dll
0x74170000 - 0x7430e000 	C:\Windows\WinSxS\x86_microsoft.windows.common-controls_6595b64144ccf1df_6.0.7600.16661_none_420fe3fa2b8113bd\comctl32.dll
0x737b0000 - 0x738ab000 	C:\Windows\system32\WindowsCodecs.dll
0x754f0000 - 0x7553b000 	C:\Windows\system32\apphelp.dll
0x6c250000 - 0x6c281000 	C:\Windows\system32\EhStorShell.dll
0x76770000 - 0x7690d000 	C:\Windows\system32\SETUPAPI.dll
0x75940000 - 0x75967000 	C:\Windows\system32\CFGMGR32.dll
0x75920000 - 0x75932000 	C:\Windows\system32\DEVOBJ.dll
0x74610000 - 0x74705000 	C:\Windows\system32\PROPSYS.dll
0x661c0000 - 0x663dd000 	C:\PROGRA~1\MICROS~1\Office12\GR469A~1.DLL
0x68ef0000 - 0x68fe1000 	C:\PROGRA~1\MICROS~1\Office12\GrooveUtil.DLL
0x75970000 - 0x75a65000 	C:\Windows\system32\WININET.dll
0x75b50000 - 0x75c86000 	C:\Windows\system32\urlmon.dll
0x756f0000 - 0x7580c000 	C:\Windows\system32\CRYPT32.dll
0x756e0000 - 0x756ec000 	C:\Windows\system32\MSASN1.dll
0x777a0000 - 0x7799d000 	C:\Windows\system32\iertutil.dll
0x71580000 - 0x7161b000 	C:\Windows\WinSxS\x86_microsoft.vc80.crt_1fc8b3b9a1e18e3b_8.0.50727.6195_none_d09154e044272b9a\MSVCR80.dll
0x68ff0000 - 0x68ff7000 	C:\PROGRA~1\MICROS~1\Office12\GrooveNew.DLL
0x6c050000 - 0x6c06b000 	C:\Windows\WinSxS\x86_microsoft.vc80.atl_1fc8b3b9a1e18e3b_8.0.50727.4053_none_d1c738ec43578ea1\ATL80.DLL
0x74b70000 - 0x74b75000 	C:\Windows\system32\MSImg32.dll
0x6bf70000 - 0x6bfda000 	C:\Windows\System32\cscui.dll
0x6da80000 - 0x6da89000 	C:\Windows\System32\CSCDLL.dll
0x6bf60000 - 0x6bf6b000 	C:\Windows\system32\CSCAPI.dll
0x6bef0000 - 0x6bf5f000 	C:\Windows\system32\ntshrui.dll
0x75320000 - 0x75339000 	C:\Windows\system32\srvcli.dll
0x74010000 - 0x7401a000 	C:\Windows\system32\slc.dll
0x64610000 - 0x64619000 	C:\Program Files\Java\jdk1.7.0_02\jre\bin\dt_shmem.dll
0x65380000 - 0x6538a000 	C:\Program Files\Java\jdk1.7.0_02\jre\bin\management.dll
0x64620000 - 0x64644000 	C:\Program Files\Java\jdk1.7.0_02\jre\bin\dcpr.dll

VM Arguments:
java_command: <unknown>
Launcher Type: generic

Environment Variables:
PATH=C:\Windows\system32;C:\Windows;C:\Windows\System32\Wbem;C:\Windows\System32\WindowsPowerShell\v1.0\;C:\ZendFramework-1.11.11\bin;C:\Program Files\PostgreSQL\EnterpriseDB-Apache\Php\php;C:\strawberry\c\bin;C:\strawberry\perl\site\bin;C:\strawberry\perl\bin
USERNAME=windows
OS=Windows_NT
PROCESSOR_IDENTIFIER=x86 Family 6 Model 15 Stepping 13, GenuineIntel



---------------  S Y S T E M  ---------------

OS: Windows 7 Build 7600 

CPU:total 2 (2 cores per cpu, 1 threads per core) family 6 model 15 stepping 13, cmov, cx8, fxsr, mmx, sse, sse2, sse3, ssse3

Memory: 4k page, physical 3107188k(1893832k free), swap 6212612k(4690500k free)

vm_info: Java HotSpot(TM) Client VM (22.0-b10) for windows-x86 JRE (1.7.0_02-b13), built on Nov 17 2011 17:17:32 by "java_re" with unknown MS VC++:1600

time: Mon May 28 18:32:03 2012
elapsed time: 651 seconds

